2014-07-28 15:53:09 INFO  AddJobThread:169 - job1
2014-07-28 15:53:31 INFO  AddJobThread:169 - job1
2014-07-28 15:56:51 INFO  AddJobThread:169 - job1
2014-07-28 15:57:58 INFO  StdSchedulerFactory:1184 - Using default implementation for ThreadExecutor
2014-07-28 15:57:58 INFO  SchedulerSignalerImpl:61 - Initialized Scheduler Signaller of type: class org.quartz.core.SchedulerSignalerImpl
2014-07-28 15:57:58 INFO  QuartzScheduler:240 - Quartz Scheduler v.2.2.1 created.
2014-07-28 15:57:58 INFO  RAMJobStore:155 - RAMJobStore initialized.
2014-07-28 15:57:58 INFO  QuartzScheduler:305 - Scheduler meta-data: Quartz Scheduler (v2.2.1) 'QuartzScheduler' with instanceId 'NON_CLUSTERED'
  Scheduler class: 'org.quartz.core.QuartzScheduler' - running locally.
  NOT STARTED.
  Currently in standby mode.
  Number of jobs executed: 0
  Using thread pool 'org.quartz.simpl.SimpleThreadPool' - with 1 threads.
  Using job-store 'org.quartz.simpl.RAMJobStore' - which does not support persistence. and is not clustered.

2014-07-28 15:57:58 INFO  StdSchedulerFactory:1339 - Quartz scheduler 'QuartzScheduler' initialized from default file in current working dir: 'quartz.properties'
2014-07-28 15:57:58 INFO  StdSchedulerFactory:1343 - Quartz scheduler version: 2.2.1
2014-07-28 15:57:58 DEBUG QuartzSchedulerThread:276 - batch acquisition of 0 triggers
2014-07-28 15:57:58 INFO  QuartzScheduler:575 - Scheduler QuartzScheduler_$_NON_CLUSTERED started.
2014-07-28 15:57:58 INFO  ScheduleGate:40 - schedule start
2014-07-28 15:57:58 DEBUG ScheduleGate:53 - AddJobThread is running.
2014-07-28 15:57:58 INFO  AddJobThread:45 - Start to get job list.
2014-07-28 15:57:58 INFO  AddJobThread:47 - Get job list done, job size:0
2014-07-28 15:57:59 INFO  AddJobThread:45 - Start to get job list.
2014-07-28 15:57:59 INFO  AddJobThread:47 - Get job list done, job size:0
2014-07-28 15:58:00 INFO  AddJobThread:45 - Start to get job list.
2014-07-28 15:58:00 INFO  AddJobThread:47 - Get job list done, job size:0
2014-07-28 15:58:01 INFO  AddJobThread:45 - Start to get job list.
2014-07-28 15:58:01 INFO  AddJobThread:47 - Get job list done, job size:0
2014-07-28 15:58:02 INFO  AddJobThread:45 - Start to get job list.
2014-07-28 15:58:02 INFO  AddJobThread:47 - Get job list done, job size:0
2014-07-28 15:58:03 INFO  AddJobThread:45 - Start to get job list.
2014-07-28 15:58:03 INFO  AddJobThread:47 - Get job list done, job size:0
2014-07-28 15:58:04 DEBUG ScheduleGate:53 - AddJobThread is running.
2014-07-28 15:58:04 INFO  AddJobThread:45 - Start to get job list.
2014-07-28 15:58:04 INFO  AddJobThread:47 - Get job list done, job size:0
2014-07-28 15:58:05 INFO  AddJobThread:45 - Start to get job list.
2014-07-28 15:58:05 INFO  AddJobThread:47 - Get job list done, job size:0
2014-07-28 15:58:06 INFO  AddJobThread:45 - Start to get job list.
2014-07-28 15:58:06 INFO  AddJobThread:47 - Get job list done, job size:0
2014-07-28 15:58:07 INFO  AddJobThread:45 - Start to get job list.
2014-07-28 15:58:07 INFO  AddJobThread:47 - Get job list done, job size:0
2014-07-28 15:58:08 INFO  AddJobThread:45 - Start to get job list.
2014-07-28 15:58:08 INFO  AddJobThread:47 - Get job list done, job size:0
2014-07-28 16:01:12 INFO  StdSchedulerFactory:1184 - Using default implementation for ThreadExecutor
2014-07-28 16:01:12 INFO  SchedulerSignalerImpl:61 - Initialized Scheduler Signaller of type: class org.quartz.core.SchedulerSignalerImpl
2014-07-28 16:01:12 INFO  QuartzScheduler:240 - Quartz Scheduler v.2.2.1 created.
2014-07-28 16:01:12 INFO  RAMJobStore:155 - RAMJobStore initialized.
2014-07-28 16:01:12 INFO  QuartzScheduler:305 - Scheduler meta-data: Quartz Scheduler (v2.2.1) 'QuartzScheduler' with instanceId 'NON_CLUSTERED'
  Scheduler class: 'org.quartz.core.QuartzScheduler' - running locally.
  NOT STARTED.
  Currently in standby mode.
  Number of jobs executed: 0
  Using thread pool 'org.quartz.simpl.SimpleThreadPool' - with 1 threads.
  Using job-store 'org.quartz.simpl.RAMJobStore' - which does not support persistence. and is not clustered.

2014-07-28 16:01:12 INFO  StdSchedulerFactory:1339 - Quartz scheduler 'QuartzScheduler' initialized from default file in current working dir: 'quartz.properties'
2014-07-28 16:01:12 INFO  StdSchedulerFactory:1343 - Quartz scheduler version: 2.2.1
2014-07-28 16:01:12 INFO  QuartzScheduler:575 - Scheduler QuartzScheduler_$_NON_CLUSTERED started.
2014-07-28 16:01:12 DEBUG QuartzSchedulerThread:276 - batch acquisition of 0 triggers
2014-07-28 16:01:12 INFO  ScheduleGate:40 - schedule start
2014-07-28 16:01:12 DEBUG ScheduleGate:53 - AddJobThread is running.
2014-07-28 16:01:12 INFO  AddJobThread:36 - Start to get job list.
2014-07-28 16:01:12 INFO  AddJobThread:146 - Job class name:ShellJobs
2014-07-28 16:01:12 INFO  AddJobThread:38 - Get job list done, job size:0
2014-07-28 16:01:18 DEBUG ScheduleGate:53 - AddJobThread is running.
2014-07-28 16:02:20 INFO  StdSchedulerFactory:1184 - Using default implementation for ThreadExecutor
2014-07-28 16:02:21 INFO  SchedulerSignalerImpl:61 - Initialized Scheduler Signaller of type: class org.quartz.core.SchedulerSignalerImpl
2014-07-28 16:02:21 INFO  QuartzScheduler:240 - Quartz Scheduler v.2.2.1 created.
2014-07-28 16:02:21 INFO  RAMJobStore:155 - RAMJobStore initialized.
2014-07-28 16:02:21 INFO  QuartzScheduler:305 - Scheduler meta-data: Quartz Scheduler (v2.2.1) 'QuartzScheduler' with instanceId 'NON_CLUSTERED'
  Scheduler class: 'org.quartz.core.QuartzScheduler' - running locally.
  NOT STARTED.
  Currently in standby mode.
  Number of jobs executed: 0
  Using thread pool 'org.quartz.simpl.SimpleThreadPool' - with 1 threads.
  Using job-store 'org.quartz.simpl.RAMJobStore' - which does not support persistence. and is not clustered.

2014-07-28 16:02:21 INFO  StdSchedulerFactory:1339 - Quartz scheduler 'QuartzScheduler' initialized from default file in current working dir: 'quartz.properties'
2014-07-28 16:02:21 INFO  StdSchedulerFactory:1343 - Quartz scheduler version: 2.2.1
2014-07-28 16:02:21 INFO  QuartzScheduler:575 - Scheduler QuartzScheduler_$_NON_CLUSTERED started.
2014-07-28 16:02:21 DEBUG QuartzSchedulerThread:276 - batch acquisition of 0 triggers
2014-07-28 16:02:21 INFO  ScheduleGate:40 - schedule start
2014-07-28 16:02:21 DEBUG ScheduleGate:53 - AddJobThread is running.
2014-07-28 16:02:21 INFO  AddJobThread:36 - Start to get job list.
2014-07-28 16:02:21 DEBUG AddJobThread:146 - Job class name:ShellJobs
2014-07-28 16:02:21 DEBUG AddJobThread:148 - Job list size:1
2014-07-28 16:02:21 INFO  AddJobThread:38 - Get job list done, job size:0
2014-07-28 16:04:35 INFO  StdSchedulerFactory:1184 - Using default implementation for ThreadExecutor
2014-07-28 16:04:36 INFO  SchedulerSignalerImpl:61 - Initialized Scheduler Signaller of type: class org.quartz.core.SchedulerSignalerImpl
2014-07-28 16:04:36 INFO  QuartzScheduler:240 - Quartz Scheduler v.2.2.1 created.
2014-07-28 16:04:36 INFO  RAMJobStore:155 - RAMJobStore initialized.
2014-07-28 16:04:36 INFO  QuartzScheduler:305 - Scheduler meta-data: Quartz Scheduler (v2.2.1) 'QuartzScheduler' with instanceId 'NON_CLUSTERED'
  Scheduler class: 'org.quartz.core.QuartzScheduler' - running locally.
  NOT STARTED.
  Currently in standby mode.
  Number of jobs executed: 0
  Using thread pool 'org.quartz.simpl.SimpleThreadPool' - with 1 threads.
  Using job-store 'org.quartz.simpl.RAMJobStore' - which does not support persistence. and is not clustered.

2014-07-28 16:04:36 INFO  StdSchedulerFactory:1339 - Quartz scheduler 'QuartzScheduler' initialized from default file in current working dir: 'quartz.properties'
2014-07-28 16:04:36 INFO  StdSchedulerFactory:1343 - Quartz scheduler version: 2.2.1
2014-07-28 16:04:36 INFO  QuartzScheduler:575 - Scheduler QuartzScheduler_$_NON_CLUSTERED started.
2014-07-28 16:04:36 DEBUG QuartzSchedulerThread:276 - batch acquisition of 0 triggers
2014-07-28 16:04:36 INFO  ScheduleGate:40 - schedule start
2014-07-28 16:04:36 DEBUG ScheduleGate:53 - AddJobThread is running.
2014-07-28 16:04:36 INFO  AddJobThread:36 - Start to get job list.
2014-07-28 16:04:36 DEBUG AddJobThread:147 - Job class name:ShellJobs
2014-07-28 16:04:36 DEBUG AddJobThread:149 - Job list size:1
2014-07-28 16:04:36 INFO  AddJobThread:38 - Get job list done, job size:1
2014-07-28 16:04:42 DEBUG ScheduleGate:53 - AddJobThread is running.
2014-07-28 16:04:48 DEBUG ScheduleGate:53 - AddJobThread is running.
2014-07-28 16:04:54 DEBUG ScheduleGate:53 - AddJobThread is running.
2014-07-28 16:08:00 INFO  StdSchedulerFactory:1184 - Using default implementation for ThreadExecutor
2014-07-28 16:08:00 INFO  SchedulerSignalerImpl:61 - Initialized Scheduler Signaller of type: class org.quartz.core.SchedulerSignalerImpl
2014-07-28 16:08:00 INFO  QuartzScheduler:240 - Quartz Scheduler v.2.2.1 created.
2014-07-28 16:08:00 INFO  RAMJobStore:155 - RAMJobStore initialized.
2014-07-28 16:08:00 INFO  QuartzScheduler:305 - Scheduler meta-data: Quartz Scheduler (v2.2.1) 'QuartzScheduler' with instanceId 'NON_CLUSTERED'
  Scheduler class: 'org.quartz.core.QuartzScheduler' - running locally.
  NOT STARTED.
  Currently in standby mode.
  Number of jobs executed: 0
  Using thread pool 'org.quartz.simpl.SimpleThreadPool' - with 1 threads.
  Using job-store 'org.quartz.simpl.RAMJobStore' - which does not support persistence. and is not clustered.

2014-07-28 16:08:00 INFO  StdSchedulerFactory:1339 - Quartz scheduler 'QuartzScheduler' initialized from default file in current working dir: 'quartz.properties'
2014-07-28 16:08:00 INFO  StdSchedulerFactory:1343 - Quartz scheduler version: 2.2.1
2014-07-28 16:08:00 INFO  QuartzScheduler:575 - Scheduler QuartzScheduler_$_NON_CLUSTERED started.
2014-07-28 16:08:00 DEBUG QuartzSchedulerThread:276 - batch acquisition of 0 triggers
2014-07-28 16:08:00 INFO  ScheduleGate:40 - schedule start
2014-07-28 16:08:00 DEBUG ScheduleGate:53 - AddJobThread is running.
2014-07-28 16:08:00 INFO  AddJobThread:36 - Start to get job list.
2014-07-28 16:08:00 DEBUG AddJobThread:136 - Job class name:org.hrs.jobschedule.jobs.ShellJobs
2014-07-28 16:08:00 DEBUG AddJobThread:138 - Job list size:1
2014-07-28 16:08:00 INFO  AddJobThread:38 - Get job list done, job size:1
2014-07-28 16:08:00 DEBUG AddJobThread:51 - Add Job list done.
2014-07-28 16:08:00 DEBUG QuartzSchedulerThread:276 - batch acquisition of 1 triggers
2014-07-28 16:08:00 DEBUG PropertySettingJobFactory:51 - Producing instance of Job 'group1.testshelljob', class=org.hrs.jobschedule.jobs.ShellJobs
2014-07-28 16:08:00 DEBUG JobRunShell:201 - Calling execute on job group1.testshelljob
2014-07-28 16:08:00 INFO  ShellJobs:26 - test ShellJobs
2014-07-28 16:08:06 DEBUG ScheduleGate:53 - AddJobThread is running.
2014-07-28 16:08:10 INFO  AddJobThread:36 - Start to get job list.
2014-07-28 16:08:10 DEBUG AddJobThread:136 - Job class name:org.hrs.jobschedule.jobs.ShellJobs
2014-07-28 16:08:10 DEBUG AddJobThread:138 - Job list size:1
2014-07-28 16:08:10 INFO  AddJobThread:38 - Get job list done, job size:1
2014-07-28 16:08:10 DEBUG AddJobThread:51 - Add Job list done.
2014-07-28 16:08:12 DEBUG ScheduleGate:53 - AddJobThread is running.
2014-07-28 16:08:18 DEBUG ScheduleGate:53 - AddJobThread is running.
2014-07-28 16:28:21 INFO  StdSchedulerFactory:1184 - Using default implementation for ThreadExecutor
2014-07-28 16:28:21 INFO  SchedulerSignalerImpl:61 - Initialized Scheduler Signaller of type: class org.quartz.core.SchedulerSignalerImpl
2014-07-28 16:28:21 INFO  QuartzScheduler:240 - Quartz Scheduler v.2.2.1 created.
2014-07-28 16:28:21 INFO  RAMJobStore:155 - RAMJobStore initialized.
2014-07-28 16:28:21 INFO  QuartzScheduler:305 - Scheduler meta-data: Quartz Scheduler (v2.2.1) 'QuartzScheduler' with instanceId 'NON_CLUSTERED'
  Scheduler class: 'org.quartz.core.QuartzScheduler' - running locally.
  NOT STARTED.
  Currently in standby mode.
  Number of jobs executed: 0
  Using thread pool 'org.quartz.simpl.SimpleThreadPool' - with 1 threads.
  Using job-store 'org.quartz.simpl.RAMJobStore' - which does not support persistence. and is not clustered.

2014-07-28 16:28:21 INFO  StdSchedulerFactory:1339 - Quartz scheduler 'QuartzScheduler' initialized from default file in current working dir: 'quartz.properties'
2014-07-28 16:28:21 INFO  StdSchedulerFactory:1343 - Quartz scheduler version: 2.2.1
2014-07-28 16:28:21 INFO  QuartzScheduler:575 - Scheduler QuartzScheduler_$_NON_CLUSTERED started.
2014-07-28 16:28:21 DEBUG QuartzSchedulerThread:276 - batch acquisition of 0 triggers
2014-07-28 16:28:21 INFO  ScheduleGate:40 - schedule start
2014-07-28 16:28:21 DEBUG ScheduleGate:50 - AddJobThread is running.
2014-07-28 16:28:21 INFO  AddJobThread:36 - Start to get job list.
2014-07-28 16:28:21 DEBUG AddJobThread:143 - Job class name:org.hrs.jobschedule.jobs.ShellJobs
2014-07-28 16:28:21 DEBUG AddJobThread:145 - Job list size:1
2014-07-28 16:28:21 INFO  AddJobThread:38 - Get job list done, job size:1
2014-07-28 16:28:21 DEBUG AddJobThread:52 - Add Job list done.
2014-07-28 16:28:21 DEBUG QuartzSchedulerThread:276 - batch acquisition of 1 triggers
2014-07-28 16:28:21 DEBUG PropertySettingJobFactory:51 - Producing instance of Job 'group1.testshelljob', class=org.hrs.jobschedule.jobs.ShellJobs
2014-07-28 16:28:21 DEBUG JobRunShell:201 - Calling execute on job group1.testshelljob
2014-07-28 16:28:21 INFO  ShellJobs:26 - test ShellJobsQuartzScheduler_Worker-1
2014-07-28 16:28:27 DEBUG ScheduleGate:50 - AddJobThread is running.
2014-07-28 16:38:02 INFO  StdSchedulerFactory:1184 - Using default implementation for ThreadExecutor
2014-07-28 16:38:02 INFO  SchedulerSignalerImpl:61 - Initialized Scheduler Signaller of type: class org.quartz.core.SchedulerSignalerImpl
2014-07-28 16:38:02 INFO  QuartzScheduler:240 - Quartz Scheduler v.2.2.1 created.
2014-07-28 16:38:02 INFO  RAMJobStore:155 - RAMJobStore initialized.
2014-07-28 16:38:02 INFO  QuartzScheduler:305 - Scheduler meta-data: Quartz Scheduler (v2.2.1) 'QuartzScheduler' with instanceId 'NON_CLUSTERED'
  Scheduler class: 'org.quartz.core.QuartzScheduler' - running locally.
  NOT STARTED.
  Currently in standby mode.
  Number of jobs executed: 0
  Using thread pool 'org.quartz.simpl.SimpleThreadPool' - with 1 threads.
  Using job-store 'org.quartz.simpl.RAMJobStore' - which does not support persistence. and is not clustered.

2014-07-28 16:38:02 INFO  StdSchedulerFactory:1339 - Quartz scheduler 'QuartzScheduler' initialized from default file in current working dir: 'quartz.properties'
2014-07-28 16:38:02 INFO  StdSchedulerFactory:1343 - Quartz scheduler version: 2.2.1
2014-07-28 16:38:02 INFO  QuartzScheduler:575 - Scheduler QuartzScheduler_$_NON_CLUSTERED started.
2014-07-28 16:38:02 DEBUG QuartzSchedulerThread:276 - batch acquisition of 0 triggers
2014-07-28 16:38:02 INFO  ScheduleGate:40 - schedule start
2014-07-28 16:38:02 DEBUG ScheduleGate:50 - AddJobThread is running.
2014-07-28 16:38:02 INFO  AddJobThread:36 - Start to get job list.
2014-07-28 16:38:02 DEBUG AddJobThread:144 - Job class name:org.hrs.jobschedule.jobs.ShellJobs
2014-07-28 16:38:02 DEBUG AddJobThread:146 - Job list size:1
2014-07-28 16:38:02 INFO  AddJobThread:38 - Get job list done, job size:1
2014-07-28 16:38:02 DEBUG AddJobThread:52 - Add Job list done.
2014-07-28 16:38:02 DEBUG QuartzSchedulerThread:276 - batch acquisition of 1 triggers
2014-07-28 16:38:02 DEBUG PropertySettingJobFactory:51 - Producing instance of Job 'group1.job1', class=org.hrs.jobschedule.jobs.ShellJobs
2014-07-28 16:38:02 DEBUG JobRunShell:201 - Calling execute on job group1.job1
2014-07-28 16:38:02 INFO  ShellJobs:26 - test ShellJobs:QuartzScheduler_Worker-1:123
